
> web@0.0.0 dev
> vite


  VITE v4.5.14  ready in 215 ms

  ➜  Local:   http://localhost:5173/
  ➜  Network: http://192.168.0.114:5173/
6:53:23 PM [vite] hmr update /src/index.css
6:54:12 PM [vite] hmr update /src/App.jsx
6:54:12 PM [vite] Internal server error: /Users/sanjayrana/AILearning/Team Management/apps/web/src/App.jsx: Unterminated template. (364:3)

  362 |
  363 | export default App;
> 364 | ```
      |    ^
  365 |
  Plugin: vite:react-babel
  File: /Users/sanjayrana/AILearning/Team Management/apps/web/src/App.jsx:364:3
  362|  
  363|  export default App;
  364|  ```
     |     ^
  365|  
      at constructor (/Users/sanjayrana/AILearning/Team Management/apps/web/node_modules/@babel/parser/lib/index.js:365:19)
      at JSXParserMixin.raise (/Users/sanjayrana/AILearning/Team Management/apps/web/node_modules/@babel/parser/lib/index.js:6599:19)
      at Object.unterminated (/Users/sanjayrana/AILearning/Team Management/apps/web/node_modules/@babel/parser/lib/index.js:5670:20)
      at readStringContents (/Users/sanjayrana/AILearning/Team Management/apps/web/node_modules/@babel/parser/lib/index.js:5365:14)
      at JSXParserMixin.readTemplateToken (/Users/sanjayrana/AILearning/Team Management/apps/web/node_modules/@babel/parser/lib/index.js:6519:9)
      at JSXParserMixin.getTokenFromCode (/Users/sanjayrana/AILearning/Team Management/apps/web/node_modules/@babel/parser/lib/index.js:6227:14)
      at JSXParserMixin.getTokenFromCode (/Users/sanjayrana/AILearning/Team Management/apps/web/node_modules/@babel/parser/lib/index.js:4797:11)
      at JSXParserMixin.nextToken (/Users/sanjayrana/AILearning/Team Management/apps/web/node_modules/@babel/parser/lib/index.js:5782:10)
      at JSXParserMixin.next (/Users/sanjayrana/AILearning/Team Management/apps/web/node_modules/@babel/parser/lib/index.js:5692:10)
      at JSXParserMixin.parseTemplateElement (/Users/sanjayrana/AILearning/Team Management/apps/web/node_modules/@babel/parser/lib/index.js:11775:10)
      at JSXParserMixin.parseTemplate (/Users/sanjayrana/AILearning/Team Management/apps/web/node_modules/@babel/parser/lib/index.js:11782:23)
      at JSXParserMixin.parseExprAtom (/Users/sanjayrana/AILearning/Team Management/apps/web/node_modules/@babel/parser/lib/index.js:11341:21)
      at JSXParserMixin.parseExprAtom (/Users/sanjayrana/AILearning/Team Management/apps/web/node_modules/@babel/parser/lib/index.js:4764:20)
      at JSXParserMixin.parseExprSubscripts (/Users/sanjayrana/AILearning/Team Management/apps/web/node_modules/@babel/parser/lib/index.js:11071:23)
      at JSXParserMixin.parseUpdate (/Users/sanjayrana/AILearning/Team Management/apps/web/node_modules/@babel/parser/lib/index.js:11056:21)
      at JSXParserMixin.parseMaybeUnary (/Users/sanjayrana/AILearning/Team Management/apps/web/node_modules/@babel/parser/lib/index.js:11036:23)
      at JSXParserMixin.parseMaybeUnaryOrPrivate (/Users/sanjayrana/AILearning/Team Management/apps/web/node_modules/@babel/parser/lib/index.js:10889:61)
      at JSXParserMixin.parseExprOps (/Users/sanjayrana/AILearning/Team Management/apps/web/node_modules/@babel/parser/lib/index.js:10894:23)
      at JSXParserMixin.parseMaybeConditional (/Users/sanjayrana/AILearning/Team Management/apps/web/node_modules/@babel/parser/lib/index.js:10871:23)
      at JSXParserMixin.parseMaybeAssign (/Users/sanjayrana/AILearning/Team Management/apps/web/node_modules/@babel/parser/lib/index.js:10821:21)
      at JSXParserMixin.parseExpressionBase (/Users/sanjayrana/AILearning/Team Management/apps/web/node_modules/@babel/parser/lib/index.js:10774:23)
      at /Users/sanjayrana/AILearning/Team Management/apps/web/node_modules/@babel/parser/lib/index.js:10770:39
      at JSXParserMixin.allowInAnd (/Users/sanjayrana/AILearning/Team Management/apps/web/node_modules/@babel/parser/lib/index.js:12411:16)
      at JSXParserMixin.parseExpression (/Users/sanjayrana/AILearning/Team Management/apps/web/node_modules/@babel/parser/lib/index.js:10770:17)
      at JSXParserMixin.parseStatementContent (/Users/sanjayrana/AILearning/Team Management/apps/web/node_modules/@babel/parser/lib/index.js:12885:23)
      at JSXParserMixin.parseStatementLike (/Users/sanjayrana/AILearning/Team Management/apps/web/node_modules/@babel/parser/lib/index.js:12757:17)
      at JSXParserMixin.parseModuleItem (/Users/sanjayrana/AILearning/Team Management/apps/web/node_modules/@babel/parser/lib/index.js:12734:17)
      at JSXParserMixin.parseBlockOrModuleBlockBody (/Users/sanjayrana/AILearning/Team Management/apps/web/node_modules/@babel/parser/lib/index.js:13306:36)
      at JSXParserMixin.parseBlockBody (/Users/sanjayrana/AILearning/Team Management/apps/web/node_modules/@babel/parser/lib/index.js:13299:10)
      at JSXParserMixin.parseProgram (/Users/sanjayrana/AILearning/Team Management/apps/web/node_modules/@babel/parser/lib/index.js:12612:10)
      at JSXParserMixin.parseTopLevel (/Users/sanjayrana/AILearning/Team Management/apps/web/node_modules/@babel/parser/lib/index.js:12602:25)
      at JSXParserMixin.parse (/Users/sanjayrana/AILearning/Team Management/apps/web/node_modules/@babel/parser/lib/index.js:14478:25)
      at parse (/Users/sanjayrana/AILearning/Team Management/apps/web/node_modules/@babel/parser/lib/index.js:14512:38)
      at parser (/Users/sanjayrana/AILearning/Team Management/apps/web/node_modules/@babel/core/lib/parser/index.js:41:34)
      at parser.next (<anonymous>)
      at normalizeFile (/Users/sanjayrana/AILearning/Team Management/apps/web/node_modules/@babel/core/lib/transformation/normalize-file.js:64:37)
      at normalizeFile.next (<anonymous>)
      at run (/Users/sanjayrana/AILearning/Team Management/apps/web/node_modules/@babel/core/lib/transformation/index.js:22:50)
      at run.next (<anonymous>)
      at transform (/Users/sanjayrana/AILearning/Team Management/apps/web/node_modules/@babel/core/lib/transform.js:22:33)
      at transform.next (<anonymous>)
      at step (/Users/sanjayrana/AILearning/Team Management/apps/web/node_modules/gensync/index.js:261:32)
      at /Users/sanjayrana/AILearning/Team Management/apps/web/node_modules/gensync/index.js:273:13
      at async.call.result.err.err (/Users/sanjayrana/AILearning/Team Management/apps/web/node_modules/gensync/index.js:223:11)
      at /Users/sanjayrana/AILearning/Team Management/apps/web/node_modules/gensync/index.js:189:28
      at /Users/sanjayrana/AILearning/Team Management/apps/web/node_modules/@babel/core/lib/gensync-utils/async.js:67:7
      at /Users/sanjayrana/AILearning/Team Management/apps/web/node_modules/gensync/index.js:113:33
      at step (/Users/sanjayrana/AILearning/Team Management/apps/web/node_modules/gensync/index.js:287:14)
      at /Users/sanjayrana/AILearning/Team Management/apps/web/node_modules/gensync/index.js:273:13
      at async.call.result.err.err (/Users/sanjayrana/AILearning/Team Management/apps/web/node_modules/gensync/index.js:223:11)
6:54:12 PM [vite] Internal server error: /Users/sanjayrana/AILearning/Team Management/apps/web/src/App.jsx: Unterminated template. (364:3)

  362 |
  363 | export default App;
> 364 | ```
      |    ^
  365 |
  Plugin: vite:react-babel
  File: /Users/sanjayrana/AILearning/Team Management/apps/web/src/App.jsx:364:3
  362|  
  363|  export default App;
  364|  ```
     |     ^
  365|  
      at constructor (/Users/sanjayrana/AILearning/Team Management/apps/web/node_modules/@babel/parser/lib/index.js:365:19)
      at JSXParserMixin.raise (/Users/sanjayrana/AILearning/Team Management/apps/web/node_modules/@babel/parser/lib/index.js:6599:19)
      at Object.unterminated (/Users/sanjayrana/AILearning/Team Management/apps/web/node_modules/@babel/parser/lib/index.js:5670:20)
      at readStringContents (/Users/sanjayrana/AILearning/Team Management/apps/web/node_modules/@babel/parser/lib/index.js:5365:14)
      at JSXParserMixin.readTemplateToken (/Users/sanjayrana/AILearning/Team Management/apps/web/node_modules/@babel/parser/lib/index.js:6519:9)
      at JSXParserMixin.getTokenFromCode (/Users/sanjayrana/AILearning/Team Management/apps/web/node_modules/@babel/parser/lib/index.js:6227:14)
      at JSXParserMixin.getTokenFromCode (/Users/sanjayrana/AILearning/Team Management/apps/web/node_modules/@babel/parser/lib/index.js:4797:11)
      at JSXParserMixin.nextToken (/Users/sanjayrana/AILearning/Team Management/apps/web/node_modules/@babel/parser/lib/index.js:5782:10)
      at JSXParserMixin.next (/Users/sanjayrana/AILearning/Team Management/apps/web/node_modules/@babel/parser/lib/index.js:5692:10)
      at JSXParserMixin.parseTemplateElement (/Users/sanjayrana/AILearning/Team Management/apps/web/node_modules/@babel/parser/lib/index.js:11775:10)
      at JSXParserMixin.parseTemplate (/Users/sanjayrana/AILearning/Team Management/apps/web/node_modules/@babel/parser/lib/index.js:11782:23)
      at JSXParserMixin.parseExprAtom (/Users/sanjayrana/AILearning/Team Management/apps/web/node_modules/@babel/parser/lib/index.js:11341:21)
      at JSXParserMixin.parseExprAtom (/Users/sanjayrana/AILearning/Team Management/apps/web/node_modules/@babel/parser/lib/index.js:4764:20)
      at JSXParserMixin.parseExprSubscripts (/Users/sanjayrana/AILearning/Team Management/apps/web/node_modules/@babel/parser/lib/index.js:11071:23)
      at JSXParserMixin.parseUpdate (/Users/sanjayrana/AILearning/Team Management/apps/web/node_modules/@babel/parser/lib/index.js:11056:21)
      at JSXParserMixin.parseMaybeUnary (/Users/sanjayrana/AILearning/Team Management/apps/web/node_modules/@babel/parser/lib/index.js:11036:23)
      at JSXParserMixin.parseMaybeUnaryOrPrivate (/Users/sanjayrana/AILearning/Team Management/apps/web/node_modules/@babel/parser/lib/index.js:10889:61)
      at JSXParserMixin.parseExprOps (/Users/sanjayrana/AILearning/Team Management/apps/web/node_modules/@babel/parser/lib/index.js:10894:23)
      at JSXParserMixin.parseMaybeConditional (/Users/sanjayrana/AILearning/Team Management/apps/web/node_modules/@babel/parser/lib/index.js:10871:23)
      at JSXParserMixin.parseMaybeAssign (/Users/sanjayrana/AILearning/Team Management/apps/web/node_modules/@babel/parser/lib/index.js:10821:21)
      at JSXParserMixin.parseExpressionBase (/Users/sanjayrana/AILearning/Team Management/apps/web/node_modules/@babel/parser/lib/index.js:10774:23)
      at /Users/sanjayrana/AILearning/Team Management/apps/web/node_modules/@babel/parser/lib/index.js:10770:39
      at JSXParserMixin.allowInAnd (/Users/sanjayrana/AILearning/Team Management/apps/web/node_modules/@babel/parser/lib/index.js:12411:16)
      at JSXParserMixin.parseExpression (/Users/sanjayrana/AILearning/Team Management/apps/web/node_modules/@babel/parser/lib/index.js:10770:17)
      at JSXParserMixin.parseStatementContent (/Users/sanjayrana/AILearning/Team Management/apps/web/node_modules/@babel/parser/lib/index.js:12885:23)
      at JSXParserMixin.parseStatementLike (/Users/sanjayrana/AILearning/Team Management/apps/web/node_modules/@babel/parser/lib/index.js:12757:17)
      at JSXParserMixin.parseModuleItem (/Users/sanjayrana/AILearning/Team Management/apps/web/node_modules/@babel/parser/lib/index.js:12734:17)
      at JSXParserMixin.parseBlockOrModuleBlockBody (/Users/sanjayrana/AILearning/Team Management/apps/web/node_modules/@babel/parser/lib/index.js:13306:36)
      at JSXParserMixin.parseBlockBody (/Users/sanjayrana/AILearning/Team Management/apps/web/node_modules/@babel/parser/lib/index.js:13299:10)
      at JSXParserMixin.parseProgram (/Users/sanjayrana/AILearning/Team Management/apps/web/node_modules/@babel/parser/lib/index.js:12612:10)
      at JSXParserMixin.parseTopLevel (/Users/sanjayrana/AILearning/Team Management/apps/web/node_modules/@babel/parser/lib/index.js:12602:25)
      at JSXParserMixin.parse (/Users/sanjayrana/AILearning/Team Management/apps/web/node_modules/@babel/parser/lib/index.js:14478:25)
      at parse (/Users/sanjayrana/AILearning/Team Management/apps/web/node_modules/@babel/parser/lib/index.js:14512:38)
      at parser (/Users/sanjayrana/AILearning/Team Management/apps/web/node_modules/@babel/core/lib/parser/index.js:41:34)
      at parser.next (<anonymous>)
      at normalizeFile (/Users/sanjayrana/AILearning/Team Management/apps/web/node_modules/@babel/core/lib/transformation/normalize-file.js:64:37)
      at normalizeFile.next (<anonymous>)
      at run (/Users/sanjayrana/AILearning/Team Management/apps/web/node_modules/@babel/core/lib/transformation/index.js:22:50)
      at run.next (<anonymous>)
      at transform (/Users/sanjayrana/AILearning/Team Management/apps/web/node_modules/@babel/core/lib/transform.js:22:33)
      at transform.next (<anonymous>)
      at step (/Users/sanjayrana/AILearning/Team Management/apps/web/node_modules/gensync/index.js:261:32)
      at /Users/sanjayrana/AILearning/Team Management/apps/web/node_modules/gensync/index.js:273:13
      at async.call.result.err.err (/Users/sanjayrana/AILearning/Team Management/apps/web/node_modules/gensync/index.js:223:11)
      at /Users/sanjayrana/AILearning/Team Management/apps/web/node_modules/gensync/index.js:189:28
      at /Users/sanjayrana/AILearning/Team Management/apps/web/node_modules/@babel/core/lib/gensync-utils/async.js:67:7
      at /Users/sanjayrana/AILearning/Team Management/apps/web/node_modules/gensync/index.js:113:33
      at step (/Users/sanjayrana/AILearning/Team Management/apps/web/node_modules/gensync/index.js:287:14)
      at /Users/sanjayrana/AILearning/Team Management/apps/web/node_modules/gensync/index.js:273:13
      at async.call.result.err.err (/Users/sanjayrana/AILearning/Team Management/apps/web/node_modules/gensync/index.js:223:11)
6:54:41 PM [vite] hmr update /src/App.jsx
6:55:16 PM [vite] hmr update /src/components/Dashboard.jsx
6:55:34 PM [vite] hmr update /src/App.jsx
6:56:09 PM [vite] hmr update /src/index.css
6:56:26 PM [vite] hmr update /src/index.css
7:10:29 PM [vite] hmr update /src/index.css
7:10:47 PM [vite] hmr update /src/components/Dashboard.jsx
7:11:52 PM [vite] hmr update /src/App.jsx
