
> resource-service@1.0.0 start
> node index.js

[dotenv@17.2.3] injecting env (14) from ../../.env -- tip: ⚙️  write to custom object with { processEnv: myObject }
=== EMPLOYEE REPOSITORY MODULE LOADED - VERSION WITH GUARDRAILS ===
[Resource Service] Listening on port 4001
[Security] Zero Trust features enabled
[Security] JWT expiry: 15m
[Security] Allowed origins: http://localhost:5173, http://localhost:5174, http://localhost:3000, http://192.168.0.114:5173, http://localhost:5175
[DB Pool] New client connected
[DB Query] {
  text: '\n' +
    '                SELECT COUNT(*) as count\n' +
    '                FROM iam.failed_login_attempts\n' +
    '                WHERE (username = $1 OR ip_address = $2)\n' +
    "                AND attempted_at > CURRENT_TIMESTAMP - INTERVAL '15 minutes'\n" +
    '            ',
  duration: 101,
  rows: 1
}
[DB Query] {
  text: '\n' +
    '            SELECT u.username, u.password,\n' +
    '                   ARRAY_AGG(DISTINCT up.project_id) FILTER (WHERE up.project_id IS NOT NULL) as project_ids,\n' +
    '                   ARRAY_AGG(DISTINCT p.name) FILTER (WHERE p.name IS NOT NULL) as project_names,\n' +
    '                   ARRAY_AGG(DISTINCT r.name) FILTER (WHERE r.name IS NOT NULL) as roles\n' +
    '            FROM iam.users u\n' +
    '            LEFT JOIN iam.user_projects up ON u.username = up.username\n' +
    '            LEFT JOIN core.projects p ON up.project_id = p.id\n' +
    '            LEFT JOIN iam.user_roles ur ON u.username = ur.username\n' +
    '            LEFT JOIN iam.roles r ON ur.role_id = r.id\n' +
    '            WHERE u.username = $1\n' +
    '            GROUP BY u.username, u.password\n' +
    '        ',
  duration: 19,
  rows: 1
}
[DB Query] {
  text: '\n' +
    '        SELECT r.permissions \n' +
    '        FROM iam.roles r\n' +
    '        JOIN iam.user_roles ur ON r.id = ur.role_id\n' +
    '        WHERE ur.username = $1\n' +
    '    ',
  duration: 2,
  rows: 1
}
[DB Query] {
  text: '\n' +
    '        INSERT INTO iam.sessions (username, session_token, ip_address, user_agent, expires_at)\n' +
    '        VALUES ($1, $2, $3, $4, $5)\n' +
    '        RETURNING id\n' +
    '    ',
  duration: 12,
  rows: 1
}
[DB Query] {
  text: '\n' +
    '        INSERT INTO iam.refresh_tokens (username, token_hash, expires_at, device_info)\n' +
    '        VALUES ($1, $2, $3, $4)\n' +
    '    ',
  duration: 6,
  rows: 1
}
[DB Query] {
  text: '\n' +
    '                INSERT INTO iam.audit_log (\n' +
    '                    username,\n' +
    '                    action,\n' +
    '                    resource_type,\n' +
    '                    details,\n' +
    '                    severity\n' +
    '                ) VALUES ($1, $2, $3, $4, $5)\n' +
    '            ',
  duration: 7,
  rows: 1
}
[DB Query] {
  text: '\n' +
    '                INSERT INTO iam.audit_log (\n' +
    '                    username,\n' +
    '                    action,\n' +
    '                    resource_type,\n' +
    '                    ip_address,\n' +
    '                    user_agent,\n' +
    '                    request_method,\n' +
    '                    request_path,\n' +
    '                    status_code,\n' +
    '                    details,\n' +
    '                    severity\n' +
    '                ) VALUES ($1, $2, $3, $4, $5, $6, $7, $8, $9, $10)\n' +
    '            ',
  duration: 5,
  rows: 1
}
[DB Query] {
  text: '\n' +
    '        SELECT is_active, last_activity_at, expires_at\n' +
    '        FROM iam.sessions\n' +
    '        WHERE id = $1\n' +
    '    ',
  duration: 11,
  rows: 1
}
[DB Query] {
  text: '\n' +
    '        UPDATE iam.sessions\n' +
    '        SET last_activity_at = CURRENT_TIMESTAMP\n' +
    '        WHERE id = $1 AND is_active = TRUE\n' +
    '    ',
  duration: 5,
  rows: 1
}
[DB Pool] New client connected
[DB Pool] New client connected
[DB Query] {
  text: '\n' +
    '            SELECT \n' +
    '                e.id, \n' +
    '                e.first_name as "firstName", \n' +
    '                e.last_name as "lastName", \n' +
    '                e.email,\n' +
    '                e.primary_skills as "primarySkills", \n' +
    '                e.secondary_skills as "secondarySkills", \n' +
    '                e.current_project as "currentProject",\n' +
    '                e.billable_rate as "billableRate",\n' +
    '                e.expense_rate as "expenseRate",\n' +
    '                COALESCE(\n' +
    "                    STRING_AGG(DISTINCT p.name, ', ' ORDER BY p.name),\n" +
    "                    'Unassigned'\n" +
    '                ) as "projectName",\n' +
    '                e.total_allocation_sum as "allocation"\n' +
    '            FROM core.employees e\n' +
    '            LEFT JOIN core.allocations a ON e.id = a.employee_id AND a.end_date >= CURRENT_DATE\n' +
    '            LEFT JOIN core.projects p ON a.project_id = p.id\n' +
    '            GROUP BY e.id, e.first_name, e.last_name, e.email, e.primary_skills, e.secondary_skills, e.current_project, e.billable_rate, e.expense_rate, e.total_allocation_sum\n' +
    '            ORDER BY e.last_name, e.first_name\n' +
    '        ',
  duration: 7,
  rows: 10
}
[DB Query] {
  text: '\n' +
    '        SELECT is_active, last_activity_at, expires_at\n' +
    '        FROM iam.sessions\n' +
    '        WHERE id = $1\n' +
    '    ',
  duration: 20,
  rows: 1
}
[DB Query] {
  text: '\n' +
    '            SELECT \n' +
    '                a.id,\n' +
    '                a.employee_id as "employeeId",\n' +
    '                a.project_id as "projectId",\n' +
    '                p.name as "projectName",\n' +
    '                a.percentage,\n' +
    '                a.start_date as "startDate",\n' +
    '                a.end_date as "endDate",\n' +
    '                a.month_year as "monthYear"\n' +
    '            FROM core.allocations a\n' +
    '            LEFT JOIN core.projects p ON a.project_id = p.id\n' +
    '            ORDER BY a.start_date DESC\n' +
    '        ',
  duration: 17,
  rows: 12
}
[DB Query] {
  text: '\n' +
    '        UPDATE iam.sessions\n' +
    '        SET last_activity_at = CURRENT_TIMESTAMP\n' +
    '        WHERE id = $1 AND is_active = TRUE\n' +
    '    ',
  duration: 3,
  rows: 1
}
[DB Query] {
  text: '\n' +
    '                INSERT INTO iam.audit_log (\n' +
    '                    username,\n' +
    '                    action,\n' +
    '                    resource_type,\n' +
    '                    ip_address,\n' +
    '                    user_agent,\n' +
    '                    request_method,\n' +
    '                    request_path,\n' +
    '                    status_code,\n' +
    '                    details,\n' +
    '                    severity\n' +
    '                ) VALUES ($1, $2, $3, $4, $5, $6, $7, $8, $9, $10)\n' +
    '            ',
  duration: 5,
  rows: 1
}
[DB Query] {
  text: '\n' +
    '                INSERT INTO iam.audit_log (\n' +
    '                    username,\n' +
    '                    action,\n' +
    '                    resource_type,\n' +
    '                    ip_address,\n' +
    '                    user_agent,\n' +
    '                    request_method,\n' +
    '                    request_path,\n' +
    '                    status_code,\n' +
    '                    details,\n' +
    '                    severity\n' +
    '                ) VALUES ($1, $2, $3, $4, $5, $6, $7, $8, $9, $10)\n' +
    '            ',
  duration: 2,
  rows: 1
}
[DB Query] {
  text: 'SELECT id, name, start_date, end_date, original_end_date FROM core.projects ORDER BY name',
  duration: 1,
  rows: 5
}
[DB Query] {
  text: '\n' +
    '                INSERT INTO iam.audit_log (\n' +
    '                    username,\n' +
    '                    action,\n' +
    '                    resource_type,\n' +
    '                    ip_address,\n' +
    '                    user_agent,\n' +
    '                    request_method,\n' +
    '                    request_path,\n' +
    '                    status_code,\n' +
    '                    details,\n' +
    '                    severity\n' +
    '                ) VALUES ($1, $2, $3, $4, $5, $6, $7, $8, $9, $10)\n' +
    '            ',
  duration: 2,
  rows: 1
}
[DB Query] {
  text: '\n' +
    '        SELECT is_active, last_activity_at, expires_at\n' +
    '        FROM iam.sessions\n' +
    '        WHERE id = $1\n' +
    '    ',
  duration: 45,
  rows: 1
}
[DB Query] {
  text: '\n' +
    '        SELECT is_active, last_activity_at, expires_at\n' +
    '        FROM iam.sessions\n' +
    '        WHERE id = $1\n' +
    '    ',
  duration: 49,
  rows: 1
}
[DB Query] {
  text: '\n' +
    '        UPDATE iam.sessions\n' +
    '        SET last_activity_at = CURRENT_TIMESTAMP\n' +
    '        WHERE id = $1 AND is_active = TRUE\n' +
    '    ',
  duration: 3,
  rows: 1
}
[DB Query] {
  text: '\n' +
    '        UPDATE iam.sessions\n' +
    '        SET last_activity_at = CURRENT_TIMESTAMP\n' +
    '        WHERE id = $1 AND is_active = TRUE\n' +
    '    ',
  duration: 5,
  rows: 1
}
[DB Query] {
  text: 'SELECT id, name, start_date, end_date, original_end_date FROM core.projects ORDER BY name',
  duration: 4,
  rows: 5
}
[DB Pool] New client connected
[DB Pool] New client connected
[DB Query] {
  text: '\n' +
    '            SELECT \n' +
    '                e.id, \n' +
    '                e.first_name as "firstName", \n' +
    '                e.last_name as "lastName", \n' +
    '                e.email,\n' +
    '                e.primary_skills as "primarySkills", \n' +
    '                e.secondary_skills as "secondarySkills", \n' +
    '                e.current_project as "currentProject",\n' +
    '                e.billable_rate as "billableRate",\n' +
    '                e.expense_rate as "expenseRate",\n' +
    '                COALESCE(\n' +
    "                    STRING_AGG(DISTINCT p.name, ', ' ORDER BY p.name),\n" +
    "                    'Unassigned'\n" +
    '                ) as "projectName",\n' +
    '                e.total_allocation_sum as "allocation"\n' +
    '            FROM core.employees e\n' +
    '            LEFT JOIN core.allocations a ON e.id = a.employee_id AND a.end_date >= CURRENT_DATE\n' +
    '            LEFT JOIN core.projects p ON a.project_id = p.id\n' +
    '            GROUP BY e.id, e.first_name, e.last_name, e.email, e.primary_skills, e.secondary_skills, e.current_project, e.billable_rate, e.expense_rate, e.total_allocation_sum\n' +
    '            ORDER BY e.last_name, e.first_name\n' +
    '        ',
  duration: 9,
  rows: 10
}
[DB Query] {
  text: '\n' +
    '        SELECT is_active, last_activity_at, expires_at\n' +
    '        FROM iam.sessions\n' +
    '        WHERE id = $1\n' +
    '    ',
  duration: 59,
  rows: 1
}
[DB Query] {
  text: '\n' +
    '        SELECT is_active, last_activity_at, expires_at\n' +
    '        FROM iam.sessions\n' +
    '        WHERE id = $1\n' +
    '    ',
  duration: 57,
  rows: 1
}
[DB Query] {
  text: '\n' +
    '        UPDATE iam.sessions\n' +
    '        SET last_activity_at = CURRENT_TIMESTAMP\n' +
    '        WHERE id = $1 AND is_active = TRUE\n' +
    '    ',
  duration: 1,
  rows: 1
}
[DB Query] {
  text: '\n' +
    '                INSERT INTO iam.audit_log (\n' +
    '                    username,\n' +
    '                    action,\n' +
    '                    resource_type,\n' +
    '                    ip_address,\n' +
    '                    user_agent,\n' +
    '                    request_method,\n' +
    '                    request_path,\n' +
    '                    status_code,\n' +
    '                    details,\n' +
    '                    severity\n' +
    '                ) VALUES ($1, $2, $3, $4, $5, $6, $7, $8, $9, $10)\n' +
    '            ',
  duration: 3,
  rows: 1
}
[DB Query] {
  text: '\n' +
    '        UPDATE iam.sessions\n' +
    '        SET last_activity_at = CURRENT_TIMESTAMP\n' +
    '        WHERE id = $1 AND is_active = TRUE\n' +
    '    ',
  duration: 2,
  rows: 1
}
[DB Query] {
  text: '\n' +
    '                INSERT INTO iam.audit_log (\n' +
    '                    username,\n' +
    '                    action,\n' +
    '                    resource_type,\n' +
    '                    ip_address,\n' +
    '                    user_agent,\n' +
    '                    request_method,\n' +
    '                    request_path,\n' +
    '                    status_code,\n' +
    '                    details,\n' +
    '                    severity\n' +
    '                ) VALUES ($1, $2, $3, $4, $5, $6, $7, $8, $9, $10)\n' +
    '            ',
  duration: 7,
  rows: 1
}
[DB Query] {
  text: 'SELECT id, name, start_date, end_date, original_end_date FROM core.projects ORDER BY name',
  duration: 2,
  rows: 5
}
[DB Query] {
  text: '\n' +
    '            SELECT \n' +
    '                e.id, \n' +
    '                e.first_name as "firstName", \n' +
    '                e.last_name as "lastName", \n' +
    '                e.email,\n' +
    '                e.primary_skills as "primarySkills", \n' +
    '                e.secondary_skills as "secondarySkills", \n' +
    '                e.current_project as "currentProject",\n' +
    '                e.billable_rate as "billableRate",\n' +
    '                e.expense_rate as "expenseRate",\n' +
    '                COALESCE(\n' +
    "                    STRING_AGG(DISTINCT p.name, ', ' ORDER BY p.name),\n" +
    "                    'Unassigned'\n" +
    '                ) as "projectName",\n' +
    '                e.total_allocation_sum as "allocation"\n' +
    '            FROM core.employees e\n' +
    '            LEFT JOIN core.allocations a ON e.id = a.employee_id AND a.end_date >= CURRENT_DATE\n' +
    '            LEFT JOIN core.projects p ON a.project_id = p.id\n' +
    '            GROUP BY e.id, e.first_name, e.last_name, e.email, e.primary_skills, e.secondary_skills, e.current_project, e.billable_rate, e.expense_rate, e.total_allocation_sum\n' +
    '            ORDER BY e.last_name, e.first_name\n' +
    '        ',
  duration: 3,
  rows: 10
}
[DB Query] {
  text: '\n' +
    '                INSERT INTO iam.audit_log (\n' +
    '                    username,\n' +
    '                    action,\n' +
    '                    resource_type,\n' +
    '                    ip_address,\n' +
    '                    user_agent,\n' +
    '                    request_method,\n' +
    '                    request_path,\n' +
    '                    status_code,\n' +
    '                    details,\n' +
    '                    severity\n' +
    '                ) VALUES ($1, $2, $3, $4, $5, $6, $7, $8, $9, $10)\n' +
    '            ',
  duration: 3,
  rows: 1
}
[DB Query] {
  text: '\n' +
    '                INSERT INTO iam.audit_log (\n' +
    '                    username,\n' +
    '                    action,\n' +
    '                    resource_type,\n' +
    '                    ip_address,\n' +
    '                    user_agent,\n' +
    '                    request_method,\n' +
    '                    request_path,\n' +
    '                    status_code,\n' +
    '                    details,\n' +
    '                    severity\n' +
    '                ) VALUES ($1, $2, $3, $4, $5, $6, $7, $8, $9, $10)\n' +
    '            ',
  duration: 2,
  rows: 1
}
[DB Query] {
  text: '\n' +
    '        SELECT is_active, last_activity_at, expires_at\n' +
    '        FROM iam.sessions\n' +
    '        WHERE id = $1\n' +
    '    ',
  duration: 6,
  rows: 1
}
[DB Query] {
  text: '\n' +
    '        UPDATE iam.sessions\n' +
    '        SET last_activity_at = CURRENT_TIMESTAMP\n' +
    '        WHERE id = $1 AND is_active = TRUE\n' +
    '    ',
  duration: 8,
  rows: 1
}
[DB Query] {
  text: '\n' +
    '            SELECT \n' +
    '                a.id,\n' +
    '                a.employee_id as "employeeId",\n' +
    '                a.project_id as "projectId",\n' +
    '                p.name as "projectName",\n' +
    '                a.percentage,\n' +
    '                a.start_date as "startDate",\n' +
    '                a.end_date as "endDate",\n' +
    '                a.month_year as "monthYear"\n' +
    '            FROM core.allocations a\n' +
    '            LEFT JOIN core.projects p ON a.project_id = p.id\n' +
    '            ORDER BY a.start_date DESC\n' +
    '        ',
  duration: 18,
  rows: 12
}
[DB Query] {
  text: '\n' +
    '            SELECT \n' +
    '                e.id, \n' +
    '                e.first_name as "firstName", \n' +
    '                e.last_name as "lastName", \n' +
    '                e.email,\n' +
    '                e.primary_skills as "primarySkills", \n' +
    '                e.secondary_skills as "secondarySkills", \n' +
    '                e.current_project as "currentProject",\n' +
    '                e.billable_rate as "billableRate",\n' +
    '                e.expense_rate as "expenseRate",\n' +
    '                COALESCE(\n' +
    "                    STRING_AGG(DISTINCT p.name, ', ' ORDER BY p.name),\n" +
    "                    'Unassigned'\n" +
    '                ) as "projectName",\n' +
    '                e.total_allocation_sum as "allocation"\n' +
    '            FROM core.employees e\n' +
    '            LEFT JOIN core.allocations a ON e.id = a.employee_id AND a.end_date >= CURRENT_DATE\n' +
    '            LEFT JOIN core.projects p ON a.project_id = p.id\n' +
    '            GROUP BY e.id, e.first_name, e.last_name, e.email, e.primary_skills, e.secondary_skills, e.current_project, e.billable_rate, e.expense_rate, e.total_allocation_sum\n' +
    '            ORDER BY e.last_name, e.first_name\n' +
    '        ',
  duration: 5,
  rows: 10
}
[DB Query] {
  text: '\n' +
    '                INSERT INTO iam.audit_log (\n' +
    '                    username,\n' +
    '                    action,\n' +
    '                    resource_type,\n' +
    '                    ip_address,\n' +
    '                    user_agent,\n' +
    '                    request_method,\n' +
    '                    request_path,\n' +
    '                    status_code,\n' +
    '                    details,\n' +
    '                    severity\n' +
    '                ) VALUES ($1, $2, $3, $4, $5, $6, $7, $8, $9, $10)\n' +
    '            ',
  duration: 1,
  rows: 1
}
[DB Query] {
  text: '\n' +
    '                INSERT INTO iam.audit_log (\n' +
    '                    username,\n' +
    '                    action,\n' +
    '                    resource_type,\n' +
    '                    ip_address,\n' +
    '                    user_agent,\n' +
    '                    request_method,\n' +
    '                    request_path,\n' +
    '                    status_code,\n' +
    '                    details,\n' +
    '                    severity\n' +
    '                ) VALUES ($1, $2, $3, $4, $5, $6, $7, $8, $9, $10)\n' +
    '            ',
  duration: 2,
  rows: 1
}
[DB Pool] New client connected
[DB Query] {
  text: '\n' +
    '        SELECT is_active, last_activity_at, expires_at\n' +
    '        FROM iam.sessions\n' +
    '        WHERE id = $1\n' +
    '    ',
  duration: 27,
  rows: 1
}
[DB Query] {
  text: '\n' +
    '        UPDATE iam.sessions\n' +
    '        SET last_activity_at = CURRENT_TIMESTAMP\n' +
    '        WHERE id = $1 AND is_active = TRUE\n' +
    '    ',
  duration: 6,
  rows: 1
}
[DB Query] {
  text: 'SELECT id, name, start_date, end_date, original_end_date FROM core.projects ORDER BY name',
  duration: 1,
  rows: 5
}
[DB Query] {
  text: '\n' +
    '                INSERT INTO iam.audit_log (\n' +
    '                    username,\n' +
    '                    action,\n' +
    '                    resource_type,\n' +
    '                    ip_address,\n' +
    '                    user_agent,\n' +
    '                    request_method,\n' +
    '                    request_path,\n' +
    '                    status_code,\n' +
    '                    details,\n' +
    '                    severity\n' +
    '                ) VALUES ($1, $2, $3, $4, $5, $6, $7, $8, $9, $10)\n' +
    '            ',
  duration: 3,
  rows: 1
}
[DB Query] {
  text: '\n' +
    '        SELECT is_active, last_activity_at, expires_at\n' +
    '        FROM iam.sessions\n' +
    '        WHERE id = $1\n' +
    '    ',
  duration: 3,
  rows: 1
}
[DB Query] {
  text: '\n' +
    '        UPDATE iam.sessions\n' +
    '        SET last_activity_at = CURRENT_TIMESTAMP\n' +
    '        WHERE id = $1 AND is_active = TRUE\n' +
    '    ',
  duration: 2,
  rows: 1
}
[DB Query] {
  text: '\n' +
    '        SELECT is_active, last_activity_at, expires_at\n' +
    '        FROM iam.sessions\n' +
    '        WHERE id = $1\n' +
    '    ',
  duration: 4,
  rows: 1
}
[DB Query] {
  text: '\n' +
    '            SELECT \n' +
    '                a.id,\n' +
    '                a.employee_id as "employeeId",\n' +
    '                a.project_id as "projectId",\n' +
    '                p.name as "projectName",\n' +
    '                a.percentage,\n' +
    '                a.start_date as "startDate",\n' +
    '                a.end_date as "endDate",\n' +
    '                a.month_year as "monthYear"\n' +
    '            FROM core.allocations a\n' +
    '            LEFT JOIN core.projects p ON a.project_id = p.id\n' +
    '            ORDER BY a.start_date DESC\n' +
    '        ',
  duration: 4,
  rows: 12
}
[DB Query] {
  text: '\n' +
    '        UPDATE iam.sessions\n' +
    '        SET last_activity_at = CURRENT_TIMESTAMP\n' +
    '        WHERE id = $1 AND is_active = TRUE\n' +
    '    ',
  duration: 2,
  rows: 1
}
[DB Query] {
  text: 'SELECT id, name, start_date, end_date, original_end_date FROM core.projects ORDER BY name',
  duration: 1,
  rows: 5
}
[DB Query] {
  text: '\n' +
    '                INSERT INTO iam.audit_log (\n' +
    '                    username,\n' +
    '                    action,\n' +
    '                    resource_type,\n' +
    '                    ip_address,\n' +
    '                    user_agent,\n' +
    '                    request_method,\n' +
    '                    request_path,\n' +
    '                    status_code,\n' +
    '                    details,\n' +
    '                    severity\n' +
    '                ) VALUES ($1, $2, $3, $4, $5, $6, $7, $8, $9, $10)\n' +
    '            ',
  duration: 2,
  rows: 1
}
[DB Query] {
  text: '\n' +
    '                INSERT INTO iam.audit_log (\n' +
    '                    username,\n' +
    '                    action,\n' +
    '                    resource_type,\n' +
    '                    ip_address,\n' +
    '                    user_agent,\n' +
    '                    request_method,\n' +
    '                    request_path,\n' +
    '                    status_code,\n' +
    '                    details,\n' +
    '                    severity\n' +
    '                ) VALUES ($1, $2, $3, $4, $5, $6, $7, $8, $9, $10)\n' +
    '            ',
  duration: 1,
  rows: 1
}
[DB Query] {
  text: '\n' +
    '            SELECT \n' +
    '                e.id, \n' +
    '                e.first_name as "firstName", \n' +
    '                e.last_name as "lastName", \n' +
    '                e.email,\n' +
    '                e.primary_skills as "primarySkills", \n' +
    '                e.secondary_skills as "secondarySkills", \n' +
    '                e.current_project as "currentProject",\n' +
    '                e.billable_rate as "billableRate",\n' +
    '                e.expense_rate as "expenseRate",\n' +
    '                COALESCE(\n' +
    "                    STRING_AGG(DISTINCT p.name, ', ' ORDER BY p.name),\n" +
    "                    'Unassigned'\n" +
    '                ) as "projectName",\n' +
    '                e.total_allocation_sum as "allocation"\n' +
    '            FROM core.employees e\n' +
    '            LEFT JOIN core.allocations a ON e.id = a.employee_id AND a.end_date >= CURRENT_DATE\n' +
    '            LEFT JOIN core.projects p ON a.project_id = p.id\n' +
    '            GROUP BY e.id, e.first_name, e.last_name, e.email, e.primary_skills, e.secondary_skills, e.current_project, e.billable_rate, e.expense_rate, e.total_allocation_sum\n' +
    '            ORDER BY e.last_name, e.first_name\n' +
    '        ',
  duration: 5,
  rows: 10
}
[DB Query] {
  text: '\n' +
    '                INSERT INTO iam.audit_log (\n' +
    '                    username,\n' +
    '                    action,\n' +
    '                    resource_type,\n' +
    '                    ip_address,\n' +
    '                    user_agent,\n' +
    '                    request_method,\n' +
    '                    request_path,\n' +
    '                    status_code,\n' +
    '                    details,\n' +
    '                    severity\n' +
    '                ) VALUES ($1, $2, $3, $4, $5, $6, $7, $8, $9, $10)\n' +
    '            ',
  duration: 1,
  rows: 1
}
